2022-09-21 18:52:14.615  INFO 11644 --- [main] com.momen.food.FoodApplication           : Starting FoodApplication using Java 17.0.1 on DESKTOP-SPD2JRC with PID 11644 (F:\Project\Java Spring\hZandi\Food\target\classes started by momen in F:\Project\Java Spring\hZandi\Food)
2022-09-21 18:52:14.621  INFO 11644 --- [main] com.momen.food.FoodApplication           : No active profile set, falling back to 1 default profile: "default"
2022-09-21 18:52:16.566  INFO 11644 --- [main] .s.d.r.c.RepositoryConfigurationDelegate : Bootstrapping Spring Data JPA repositories in DEFAULT mode.
2022-09-21 18:52:16.758  INFO 11644 --- [main] .s.d.r.c.RepositoryConfigurationDelegate : Finished Spring Data repository scanning in 177 ms. Found 8 JPA repository interfaces.
2022-09-21 18:52:18.306  INFO 11644 --- [main] o.s.b.w.embedded.tomcat.TomcatWebServer  : Tomcat initialized with port(s): 8090 (http)
2022-09-21 18:52:18.319  INFO 11644 --- [main] o.apache.catalina.core.StandardService   : Starting service [Tomcat]
2022-09-21 18:52:18.320  INFO 11644 --- [main] org.apache.catalina.core.StandardEngine  : Starting Servlet engine: [Apache Tomcat/9.0.65]
2022-09-21 18:52:18.557  INFO 11644 --- [main] o.a.c.c.C.[Tomcat].[localhost].[/]       : Initializing Spring embedded WebApplicationContext
2022-09-21 18:52:18.558  INFO 11644 --- [main] w.s.c.ServletWebServerApplicationContext : Root WebApplicationContext: initialization completed in 3820 ms
2022-09-21 18:52:18.927  WARN 11644 --- [main] JpaBaseConfiguration$JpaWebConfiguration : spring.jpa.open-in-view is enabled by default. Therefore, database queries may be performed during view rendering. Explicitly configure spring.jpa.open-in-view to disable this warning
2022-09-21 18:52:19.081  INFO 11644 --- [main] o.hibernate.jpa.internal.util.LogHelper  : HHH000204: Processing PersistenceUnitInfo [name: default]
2022-09-21 18:52:19.192  INFO 11644 --- [main] org.hibernate.Version                    : HHH000412: Hibernate ORM core version 5.6.10.Final
2022-09-21 18:52:19.509  INFO 11644 --- [main] o.hibernate.annotations.common.Version   : HCANN000001: Hibernate Commons Annotations {5.1.2.Final}
2022-09-21 18:52:19.707  INFO 11644 --- [main] com.zaxxer.hikari.HikariDataSource       : HikariPool-1 - Starting...
2022-09-21 18:52:20.040  INFO 11644 --- [main] com.zaxxer.hikari.HikariDataSource       : HikariPool-1 - Start completed.
2022-09-21 18:52:20.071  INFO 11644 --- [main] org.hibernate.dialect.Dialect            : HHH000400: Using dialect: org.hibernate.dialect.PostgreSQLDialect
2022-09-21 18:52:20.133  INFO 11644 --- [main] o.h.e.boot.internal.EnversServiceImpl    : Envers integration enabled? : true
2022-09-21 18:52:23.198  INFO 11644 --- [main] o.h.e.t.j.p.i.JtaPlatformInitiator       : HHH000490: Using JtaPlatform implementation: [org.hibernate.engine.transaction.jta.platform.internal.NoJtaPlatform]
2022-09-21 18:52:23.207  INFO 11644 --- [main] j.LocalContainerEntityManagerFactoryBean : Initialized JPA EntityManagerFactory for persistence unit 'default'
2022-09-21 18:52:24.795  INFO 11644 --- [main] o.s.s.web.DefaultSecurityFilterChain     : Will secure any request with [org.springframework.security.web.session.DisableEncodeUrlFilter@47fb30ca, org.springframework.security.web.context.request.async.WebAsyncManagerIntegrationFilter@7cecd959, org.springframework.security.web.context.SecurityContextPersistenceFilter@49868df8, org.springframework.security.web.header.HeaderWriterFilter@63b334fd, org.keycloak.adapters.springsecurity.filter.KeycloakPreAuthActionsFilter@7b45f7ef, org.keycloak.adapters.springsecurity.filter.KeycloakAuthenticationProcessingFilter@3c98eaa9, org.springframework.security.web.authentication.logout.LogoutFilter@77954f77, org.springframework.security.web.savedrequest.RequestCacheAwareFilter@1d09fb8e, org.springframework.security.web.servletapi.SecurityContextHolderAwareRequestFilter@921dbcf, org.keycloak.adapters.springsecurity.filter.KeycloakSecurityContextRequestFilter@1a598e30, org.keycloak.adapters.springsecurity.filter.KeycloakAuthenticatedActionsFilter@6768dc74, org.springframework.security.web.authentication.AnonymousAuthenticationFilter@7f514dfe, org.springframework.security.web.session.SessionManagementFilter@71a509c, org.springframework.security.web.access.ExceptionTranslationFilter@682fc714, org.springframework.security.web.access.intercept.FilterSecurityInterceptor@7725470b]
2022-09-21 18:52:27.772  INFO 11644 --- [main] o.s.b.w.embedded.tomcat.TomcatWebServer  : Tomcat started on port(s): 8090 (http) with context path ''
2022-09-21 18:52:27.802  INFO 11644 --- [main] com.momen.food.FoodApplication           : Started FoodApplication in 14.137 seconds (JVM running for 16.343)
2022-09-21 18:52:57.363  INFO 11644 --- [SpringApplicationShutdownHook] j.LocalContainerEntityManagerFactoryBean : Closing JPA EntityManagerFactory for persistence unit 'default'
2022-09-21 18:52:57.399  INFO 11644 --- [SpringApplicationShutdownHook] com.zaxxer.hikari.HikariDataSource       : HikariPool-1 - Shutdown initiated...
2022-09-21 18:52:57.428  INFO 11644 --- [SpringApplicationShutdownHook] com.zaxxer.hikari.HikariDataSource       : HikariPool-1 - Shutdown completed.
2022-09-21 18:53:06.545  INFO 12292 --- [main] com.momen.food.FoodApplication           : Starting FoodApplication using Java 17.0.1 on DESKTOP-SPD2JRC with PID 12292 (F:\Project\Java Spring\hZandi\Food\target\classes started by momen in F:\Project\Java Spring\hZandi\Food)
2022-09-21 18:53:06.554  INFO 12292 --- [main] com.momen.food.FoodApplication           : No active profile set, falling back to 1 default profile: "default"
2022-09-21 18:53:09.118  INFO 12292 --- [main] .s.d.r.c.RepositoryConfigurationDelegate : Bootstrapping Spring Data JPA repositories in DEFAULT mode.
2022-09-21 18:53:09.353  INFO 12292 --- [main] .s.d.r.c.RepositoryConfigurationDelegate : Finished Spring Data repository scanning in 219 ms. Found 8 JPA repository interfaces.
2022-09-21 18:53:11.968  INFO 12292 --- [main] o.s.b.w.embedded.tomcat.TomcatWebServer  : Tomcat initialized with port(s): 8090 (http)
2022-09-21 18:53:11.988  INFO 12292 --- [main] o.apache.catalina.core.StandardService   : Starting service [Tomcat]
2022-09-21 18:53:11.989  INFO 12292 --- [main] org.apache.catalina.core.StandardEngine  : Starting Servlet engine: [Apache Tomcat/9.0.65]
2022-09-21 18:53:12.317  INFO 12292 --- [main] o.a.c.c.C.[Tomcat].[localhost].[/]       : Initializing Spring embedded WebApplicationContext
2022-09-21 18:53:12.318  INFO 12292 --- [main] w.s.c.ServletWebServerApplicationContext : Root WebApplicationContext: initialization completed in 5606 ms
2022-09-21 18:53:13.512  WARN 12292 --- [main] JpaBaseConfiguration$JpaWebConfiguration : spring.jpa.open-in-view is enabled by default. Therefore, database queries may be performed during view rendering. Explicitly configure spring.jpa.open-in-view to disable this warning
2022-09-21 18:53:13.923  INFO 12292 --- [main] o.hibernate.jpa.internal.util.LogHelper  : HHH000204: Processing PersistenceUnitInfo [name: default]
2022-09-21 18:53:14.232  INFO 12292 --- [main] org.hibernate.Version                    : HHH000412: Hibernate ORM core version 5.6.10.Final
2022-09-21 18:53:14.649  INFO 12292 --- [main] o.hibernate.annotations.common.Version   : HCANN000001: Hibernate Commons Annotations {5.1.2.Final}
2022-09-21 18:53:14.784  INFO 12292 --- [main] com.zaxxer.hikari.HikariDataSource       : HikariPool-1 - Starting...
2022-09-21 18:53:15.024  INFO 12292 --- [main] com.zaxxer.hikari.HikariDataSource       : HikariPool-1 - Start completed.
2022-09-21 18:53:15.045  INFO 12292 --- [main] org.hibernate.dialect.Dialect            : HHH000400: Using dialect: org.hibernate.dialect.PostgreSQLDialect
2022-09-21 18:53:15.086  INFO 12292 --- [main] o.h.e.boot.internal.EnversServiceImpl    : Envers integration enabled? : true
2022-09-21 18:53:19.655  INFO 12292 --- [main] o.h.e.t.j.p.i.JtaPlatformInitiator       : HHH000490: Using JtaPlatform implementation: [org.hibernate.engine.transaction.jta.platform.internal.NoJtaPlatform]
2022-09-21 18:53:19.668  INFO 12292 --- [main] j.LocalContainerEntityManagerFactoryBean : Initialized JPA EntityManagerFactory for persistence unit 'default'
2022-09-21 18:53:21.190  INFO 12292 --- [main] o.s.s.web.DefaultSecurityFilterChain     : Will secure any request with [org.springframework.security.web.session.DisableEncodeUrlFilter@5c0d876c, org.springframework.security.web.context.request.async.WebAsyncManagerIntegrationFilter@794b139b, org.springframework.security.web.context.SecurityContextPersistenceFilter@268ee31d, org.springframework.security.web.header.HeaderWriterFilter@2a20332b, org.keycloak.adapters.springsecurity.filter.KeycloakPreAuthActionsFilter@3c98eaa9, org.keycloak.adapters.springsecurity.filter.KeycloakAuthenticationProcessingFilter@949165f, org.springframework.security.web.authentication.logout.LogoutFilter@7e38d2a2, org.springframework.security.web.savedrequest.RequestCacheAwareFilter@48d84d75, org.springframework.security.web.servletapi.SecurityContextHolderAwareRequestFilter@682fc714, org.keycloak.adapters.springsecurity.filter.KeycloakSecurityContextRequestFilter@69af938b, org.keycloak.adapters.springsecurity.filter.KeycloakAuthenticatedActionsFilter@4cb87009, org.springframework.security.web.authentication.AnonymousAuthenticationFilter@77217c17, org.springframework.security.web.session.SessionManagementFilter@6a16ee0d, org.springframework.security.web.access.ExceptionTranslationFilter@12128849, org.springframework.security.web.access.intercept.FilterSecurityInterceptor@c42ee90]
2022-09-21 18:53:23.280  INFO 12292 --- [main] o.s.b.w.embedded.tomcat.TomcatWebServer  : Tomcat started on port(s): 8090 (http) with context path ''
2022-09-21 18:53:23.295  INFO 12292 --- [main] com.momen.food.FoodApplication           : Started FoodApplication in 17.65 seconds (JVM running for 19.356)
2022-09-21 19:14:07.472  INFO 12292 --- [SpringApplicationShutdownHook] j.LocalContainerEntityManagerFactoryBean : Closing JPA EntityManagerFactory for persistence unit 'default'
2022-09-21 19:14:07.479  INFO 12292 --- [SpringApplicationShutdownHook] com.zaxxer.hikari.HikariDataSource       : HikariPool-1 - Shutdown initiated...
2022-09-21 19:14:07.552  INFO 12292 --- [SpringApplicationShutdownHook] com.zaxxer.hikari.HikariDataSource       : HikariPool-1 - Shutdown completed.
2022-09-21 19:19:22.677  INFO 5316 --- [main] com.momen.food.FoodApplication           : Starting FoodApplication using Java 17.0.1 on DESKTOP-SPD2JRC with PID 5316 (F:\Project\Java Spring\hZandi\Food\target\classes started by momen in F:\Project\Java Spring\hZandi\Food)
2022-09-21 19:19:22.680  INFO 5316 --- [main] com.momen.food.FoodApplication           : No active profile set, falling back to 1 default profile: "default"
2022-09-21 19:19:24.069  INFO 5316 --- [main] .s.d.r.c.RepositoryConfigurationDelegate : Bootstrapping Spring Data JPA repositories in DEFAULT mode.
2022-09-21 19:19:24.170  INFO 5316 --- [main] .s.d.r.c.RepositoryConfigurationDelegate : Finished Spring Data repository scanning in 94 ms. Found 8 JPA repository interfaces.
2022-09-21 19:19:25.040  INFO 5316 --- [main] o.s.b.w.embedded.tomcat.TomcatWebServer  : Tomcat initialized with port(s): 8090 (http)
2022-09-21 19:19:25.049  INFO 5316 --- [main] o.apache.catalina.core.StandardService   : Starting service [Tomcat]
2022-09-21 19:19:25.049  INFO 5316 --- [main] org.apache.catalina.core.StandardEngine  : Starting Servlet engine: [Apache Tomcat/9.0.65]
2022-09-21 19:19:25.215  INFO 5316 --- [main] o.a.c.c.C.[Tomcat].[localhost].[/]       : Initializing Spring embedded WebApplicationContext
2022-09-21 19:19:25.215  INFO 5316 --- [main] w.s.c.ServletWebServerApplicationContext : Root WebApplicationContext: initialization completed in 2469 ms
2022-09-21 19:19:25.664  WARN 5316 --- [main] JpaBaseConfiguration$JpaWebConfiguration : spring.jpa.open-in-view is enabled by default. Therefore, database queries may be performed during view rendering. Explicitly configure spring.jpa.open-in-view to disable this warning
2022-09-21 19:19:25.747  INFO 5316 --- [main] o.hibernate.jpa.internal.util.LogHelper  : HHH000204: Processing PersistenceUnitInfo [name: default]
2022-09-21 19:19:25.813  INFO 5316 --- [main] org.hibernate.Version                    : HHH000412: Hibernate ORM core version 5.6.10.Final
2022-09-21 19:19:25.975  INFO 5316 --- [main] o.hibernate.annotations.common.Version   : HCANN000001: Hibernate Commons Annotations {5.1.2.Final}
2022-09-21 19:19:26.063  INFO 5316 --- [main] com.zaxxer.hikari.HikariDataSource       : HikariPool-1 - Starting...
2022-09-21 19:19:26.242  INFO 5316 --- [main] com.zaxxer.hikari.HikariDataSource       : HikariPool-1 - Start completed.
2022-09-21 19:19:26.257  INFO 5316 --- [main] org.hibernate.dialect.Dialect            : HHH000400: Using dialect: org.hibernate.dialect.PostgreSQLDialect
2022-09-21 19:19:26.293  INFO 5316 --- [main] o.h.e.boot.internal.EnversServiceImpl    : Envers integration enabled? : true
2022-09-21 19:19:28.296  INFO 5316 --- [main] o.h.e.t.j.p.i.JtaPlatformInitiator       : HHH000490: Using JtaPlatform implementation: [org.hibernate.engine.transaction.jta.platform.internal.NoJtaPlatform]
2022-09-21 19:19:28.303  INFO 5316 --- [main] j.LocalContainerEntityManagerFactoryBean : Initialized JPA EntityManagerFactory for persistence unit 'default'
2022-09-21 19:19:29.258  INFO 5316 --- [main] o.s.s.web.DefaultSecurityFilterChain     : Will secure any request with [org.springframework.security.web.session.DisableEncodeUrlFilter@494c452b, org.springframework.security.web.context.request.async.WebAsyncManagerIntegrationFilter@7e9b68c5, org.springframework.security.web.context.SecurityContextPersistenceFilter@76614fd1, org.springframework.security.web.header.HeaderWriterFilter@2d492d46, org.keycloak.adapters.springsecurity.filter.KeycloakPreAuthActionsFilter@25f67aea, org.keycloak.adapters.springsecurity.filter.KeycloakAuthenticationProcessingFilter@5e9a9683, org.springframework.security.web.authentication.logout.LogoutFilter@38fc2c39, org.springframework.security.web.savedrequest.RequestCacheAwareFilter@1d8e9f22, org.springframework.security.web.servletapi.SecurityContextHolderAwareRequestFilter@65448932, org.keycloak.adapters.springsecurity.filter.KeycloakSecurityContextRequestFilter@25ee3cd6, org.keycloak.adapters.springsecurity.filter.KeycloakAuthenticatedActionsFilter@732ae29c, org.springframework.security.web.authentication.AnonymousAuthenticationFilter@3d41881, org.springframework.security.web.session.SessionManagementFilter@50479c2b, org.springframework.security.web.access.ExceptionTranslationFilter@4973fb7d, org.springframework.security.web.access.intercept.FilterSecurityInterceptor@2b1818d1]
2022-09-21 19:19:31.027  INFO 5316 --- [main] o.s.b.a.e.web.EndpointLinksResolver      : Exposing 15 endpoint(s) beneath base path '/actuator'
2022-09-21 19:19:31.097  INFO 5316 --- [main] o.s.b.w.embedded.tomcat.TomcatWebServer  : Tomcat started on port(s): 8090 (http) with context path ''
2022-09-21 19:19:31.116  INFO 5316 --- [main] com.momen.food.FoodApplication           : Started FoodApplication in 8.995 seconds (JVM running for 10.173)
2022-09-21 19:20:50.239  INFO 5316 --- [http-nio-8090-exec-1] o.a.c.c.C.[Tomcat].[localhost].[/]       : Initializing Spring DispatcherServlet 'dispatcherServlet'
2022-09-21 19:20:50.239  INFO 5316 --- [http-nio-8090-exec-1] o.s.web.servlet.DispatcherServlet        : Initializing Servlet 'dispatcherServlet'
2022-09-21 19:20:50.241  INFO 5316 --- [http-nio-8090-exec-1] o.s.web.servlet.DispatcherServlet        : Completed initialization in 2 ms
2022-09-21 19:28:32.891  INFO 5316 --- [SpringApplicationShutdownHook] j.LocalContainerEntityManagerFactoryBean : Closing JPA EntityManagerFactory for persistence unit 'default'
2022-09-21 19:28:32.894  INFO 5316 --- [SpringApplicationShutdownHook] com.zaxxer.hikari.HikariDataSource       : HikariPool-1 - Shutdown initiated...
2022-09-21 19:28:32.911  INFO 5316 --- [SpringApplicationShutdownHook] com.zaxxer.hikari.HikariDataSource       : HikariPool-1 - Shutdown completed.
2022-09-21 19:28:47.102  INFO 6472 --- [main] com.momen.food.FoodApplication           : Starting FoodApplication using Java 17.0.1 on DESKTOP-SPD2JRC with PID 6472 (F:\Project\Java Spring\hZandi\Food\target\classes started by momen in F:\Project\Java Spring\hZandi\Food)
2022-09-21 19:28:47.106  INFO 6472 --- [main] com.momen.food.FoodApplication           : No active profile set, falling back to 1 default profile: "default"
2022-09-21 19:28:48.944  INFO 6472 --- [main] .s.d.r.c.RepositoryConfigurationDelegate : Bootstrapping Spring Data JPA repositories in DEFAULT mode.
2022-09-21 19:28:49.063  INFO 6472 --- [main] .s.d.r.c.RepositoryConfigurationDelegate : Finished Spring Data repository scanning in 109 ms. Found 8 JPA repository interfaces.
2022-09-21 19:28:50.238  INFO 6472 --- [main] o.s.b.w.embedded.tomcat.TomcatWebServer  : Tomcat initialized with port(s): 8090 (http)
2022-09-21 19:28:50.249  INFO 6472 --- [main] o.apache.catalina.core.StandardService   : Starting service [Tomcat]
2022-09-21 19:28:50.250  INFO 6472 --- [main] org.apache.catalina.core.StandardEngine  : Starting Servlet engine: [Apache Tomcat/9.0.65]
2022-09-21 19:28:50.456  INFO 6472 --- [main] o.a.c.c.C.[Tomcat].[localhost].[/]       : Initializing Spring embedded WebApplicationContext
2022-09-21 19:28:50.456  INFO 6472 --- [main] w.s.c.ServletWebServerApplicationContext : Root WebApplicationContext: initialization completed in 3270 ms
2022-09-21 19:28:50.995  WARN 6472 --- [main] JpaBaseConfiguration$JpaWebConfiguration : spring.jpa.open-in-view is enabled by default. Therefore, database queries may be performed during view rendering. Explicitly configure spring.jpa.open-in-view to disable this warning
2022-09-21 19:28:51.115  INFO 6472 --- [main] o.hibernate.jpa.internal.util.LogHelper  : HHH000204: Processing PersistenceUnitInfo [name: default]
2022-09-21 19:28:51.182  INFO 6472 --- [main] org.hibernate.Version                    : HHH000412: Hibernate ORM core version 5.6.10.Final
2022-09-21 19:28:51.436  INFO 6472 --- [main] o.hibernate.annotations.common.Version   : HCANN000001: Hibernate Commons Annotations {5.1.2.Final}
2022-09-21 19:28:51.594  INFO 6472 --- [main] com.zaxxer.hikari.HikariDataSource       : HikariPool-1 - Starting...
2022-09-21 19:28:51.953  INFO 6472 --- [main] com.zaxxer.hikari.HikariDataSource       : HikariPool-1 - Start completed.
2022-09-21 19:28:51.991  INFO 6472 --- [main] org.hibernate.dialect.Dialect            : HHH000400: Using dialect: org.hibernate.dialect.PostgreSQLDialect
2022-09-21 19:28:52.057  INFO 6472 --- [main] o.h.e.boot.internal.EnversServiceImpl    : Envers integration enabled? : true
2022-09-21 19:28:55.288  INFO 6472 --- [main] o.h.e.t.j.p.i.JtaPlatformInitiator       : HHH000490: Using JtaPlatform implementation: [org.hibernate.engine.transaction.jta.platform.internal.NoJtaPlatform]
2022-09-21 19:28:55.300  INFO 6472 --- [main] j.LocalContainerEntityManagerFactoryBean : Initialized JPA EntityManagerFactory for persistence unit 'default'
2022-09-21 19:28:56.811  INFO 6472 --- [main] o.s.s.web.DefaultSecurityFilterChain     : Will secure any request with [org.springframework.security.web.session.DisableEncodeUrlFilter@3f04349b, org.springframework.security.web.context.request.async.WebAsyncManagerIntegrationFilter@14ca4b4d, org.springframework.security.web.context.SecurityContextPersistenceFilter@47166740, org.springframework.security.web.header.HeaderWriterFilter@554a4d18, org.keycloak.adapters.springsecurity.filter.KeycloakPreAuthActionsFilter@139da216, org.keycloak.adapters.springsecurity.filter.KeycloakAuthenticationProcessingFilter@74214ac3, org.springframework.security.web.authentication.logout.LogoutFilter@4f75c627, org.springframework.security.web.savedrequest.RequestCacheAwareFilter@7882379b, org.springframework.security.web.servletapi.SecurityContextHolderAwareRequestFilter@6da76bb1, org.keycloak.adapters.springsecurity.filter.KeycloakSecurityContextRequestFilter@1ef8f7e6, org.keycloak.adapters.springsecurity.filter.KeycloakAuthenticatedActionsFilter@5a6f1342, org.springframework.security.web.authentication.AnonymousAuthenticationFilter@31b2c451, org.springframework.security.web.session.SessionManagementFilter@76614fd1, org.springframework.security.web.access.ExceptionTranslationFilter@2d492d46, org.springframework.security.web.access.intercept.FilterSecurityInterceptor@19dc9dda]
2022-09-21 19:28:59.142  INFO 6472 --- [main] o.s.b.a.e.web.EndpointLinksResolver      : Exposing 15 endpoint(s) beneath base path '/actuator'
2022-09-21 19:28:59.226  INFO 6472 --- [main] o.s.b.w.embedded.tomcat.TomcatWebServer  : Tomcat started on port(s): 8090 (http) with context path ''
2022-09-21 19:28:59.252  INFO 6472 --- [main] com.momen.food.FoodApplication           : Started FoodApplication in 12.949 seconds (JVM running for 14.195)
2022-09-21 19:28:59.620  INFO 6472 --- [RMI TCP Connection(1)-10.13.13.25] o.a.c.c.C.[Tomcat].[localhost].[/]       : Initializing Spring DispatcherServlet 'dispatcherServlet'
2022-09-21 19:28:59.620  INFO 6472 --- [RMI TCP Connection(1)-10.13.13.25] o.s.web.servlet.DispatcherServlet        : Initializing Servlet 'dispatcherServlet'
2022-09-21 19:28:59.622  INFO 6472 --- [RMI TCP Connection(1)-10.13.13.25] o.s.web.servlet.DispatcherServlet        : Completed initialization in 2 ms
2022-09-21 19:36:05.207  INFO 6472 --- [SpringApplicationShutdownHook] j.LocalContainerEntityManagerFactoryBean : Closing JPA EntityManagerFactory for persistence unit 'default'
2022-09-21 19:36:05.209  INFO 6472 --- [SpringApplicationShutdownHook] com.zaxxer.hikari.HikariDataSource       : HikariPool-1 - Shutdown initiated...
2022-09-21 19:36:05.227  INFO 6472 --- [SpringApplicationShutdownHook] com.zaxxer.hikari.HikariDataSource       : HikariPool-1 - Shutdown completed.
2022-09-21 19:36:11.420  INFO 6688 --- [main] com.momen.food.FoodApplication           : Starting FoodApplication using Java 17.0.1 on DESKTOP-SPD2JRC with PID 6688 (F:\Project\Java Spring\hZandi\Food\target\classes started by momen in F:\Project\Java Spring\hZandi\Food)
2022-09-21 19:36:11.424  INFO 6688 --- [main] com.momen.food.FoodApplication           : No active profile set, falling back to 1 default profile: "default"
2022-09-21 19:36:13.058  INFO 6688 --- [main] .s.d.r.c.RepositoryConfigurationDelegate : Bootstrapping Spring Data JPA repositories in DEFAULT mode.
2022-09-21 19:36:13.158  INFO 6688 --- [main] .s.d.r.c.RepositoryConfigurationDelegate : Finished Spring Data repository scanning in 93 ms. Found 8 JPA repository interfaces.
2022-09-21 19:36:14.459  INFO 6688 --- [main] o.s.b.w.embedded.tomcat.TomcatWebServer  : Tomcat initialized with port(s): 8090 (http)
2022-09-21 19:36:14.468  INFO 6688 --- [main] o.apache.catalina.core.StandardService   : Starting service [Tomcat]
2022-09-21 19:36:14.468  INFO 6688 --- [main] org.apache.catalina.core.StandardEngine  : Starting Servlet engine: [Apache Tomcat/9.0.65]
2022-09-21 19:36:14.703  INFO 6688 --- [main] o.a.c.c.C.[Tomcat].[localhost].[/]       : Initializing Spring embedded WebApplicationContext
2022-09-21 19:36:14.704  INFO 6688 --- [main] w.s.c.ServletWebServerApplicationContext : Root WebApplicationContext: initialization completed in 3210 ms
2022-09-21 19:36:15.243  WARN 6688 --- [main] JpaBaseConfiguration$JpaWebConfiguration : spring.jpa.open-in-view is enabled by default. Therefore, database queries may be performed during view rendering. Explicitly configure spring.jpa.open-in-view to disable this warning
2022-09-21 19:36:15.346  INFO 6688 --- [main] o.hibernate.jpa.internal.util.LogHelper  : HHH000204: Processing PersistenceUnitInfo [name: default]
2022-09-21 19:36:15.398  INFO 6688 --- [main] org.hibernate.Version                    : HHH000412: Hibernate ORM core version 5.6.10.Final
2022-09-21 19:36:15.589  INFO 6688 --- [main] o.hibernate.annotations.common.Version   : HCANN000001: Hibernate Commons Annotations {5.1.2.Final}
2022-09-21 19:36:15.695  INFO 6688 --- [main] com.zaxxer.hikari.HikariDataSource       : HikariPool-1 - Starting...
2022-09-21 19:36:15.903  INFO 6688 --- [main] com.zaxxer.hikari.HikariDataSource       : HikariPool-1 - Start completed.
2022-09-21 19:36:15.929  INFO 6688 --- [main] org.hibernate.dialect.Dialect            : HHH000400: Using dialect: org.hibernate.dialect.PostgreSQLDialect
2022-09-21 19:36:15.965  INFO 6688 --- [main] o.h.e.boot.internal.EnversServiceImpl    : Envers integration enabled? : true
2022-09-21 19:36:18.062  INFO 6688 --- [main] o.h.e.t.j.p.i.JtaPlatformInitiator       : HHH000490: Using JtaPlatform implementation: [org.hibernate.engine.transaction.jta.platform.internal.NoJtaPlatform]
2022-09-21 19:36:18.070  INFO 6688 --- [main] j.LocalContainerEntityManagerFactoryBean : Initialized JPA EntityManagerFactory for persistence unit 'default'
2022-09-21 19:36:19.142  INFO 6688 --- [main] o.s.s.web.DefaultSecurityFilterChain     : Will secure any request with [org.springframework.security.web.session.DisableEncodeUrlFilter@275ff5f8, org.springframework.security.web.context.request.async.WebAsyncManagerIntegrationFilter@62243a7a, org.springframework.security.web.context.SecurityContextPersistenceFilter@7ed0e5db, org.springframework.security.web.header.HeaderWriterFilter@38410ce5, org.keycloak.adapters.springsecurity.filter.KeycloakPreAuthActionsFilter@31d09031, org.keycloak.adapters.springsecurity.filter.KeycloakAuthenticationProcessingFilter@1de83be1, org.springframework.security.web.authentication.logout.LogoutFilter@2e1c3b8f, org.springframework.security.web.savedrequest.RequestCacheAwareFilter@5c91b751, org.springframework.security.web.servletapi.SecurityContextHolderAwareRequestFilter@1631a614, org.keycloak.adapters.springsecurity.filter.KeycloakSecurityContextRequestFilter@7a02d760, org.keycloak.adapters.springsecurity.filter.KeycloakAuthenticatedActionsFilter@5a86112a, org.springframework.security.web.authentication.AnonymousAuthenticationFilter@42a698bd, org.springframework.security.web.session.SessionManagementFilter@24bc52ce, org.springframework.security.web.access.ExceptionTranslationFilter@2dbfb843, org.springframework.security.web.access.intercept.FilterSecurityInterceptor@41fdb59c]
2022-09-21 19:36:20.966  INFO 6688 --- [main] o.s.b.a.e.web.EndpointLinksResolver      : Exposing 15 endpoint(s) beneath base path '/actuator'
2022-09-21 19:36:21.019  INFO 6688 --- [main] o.apache.catalina.core.StandardService   : Stopping service [Tomcat]
2022-09-21 19:36:21.022  WARN 6688 --- [main] o.a.c.loader.WebappClassLoaderBase       : The web application [ROOT] appears to have started a thread named [HikariPool-1 housekeeper] but has failed to stop it. This is very likely to create a memory leak. Stack trace of thread:
 java.base@17.0.1/jdk.internal.misc.Unsafe.park(Native Method)
 java.base@17.0.1/java.util.concurrent.locks.LockSupport.parkNanos(LockSupport.java:252)
 java.base@17.0.1/java.util.concurrent.locks.AbstractQueuedSynchronizer$ConditionObject.awaitNanos(AbstractQueuedSynchronizer.java:1672)
 java.base@17.0.1/java.util.concurrent.ScheduledThreadPoolExecutor$DelayedWorkQueue.take(ScheduledThreadPoolExecutor.java:1182)
 java.base@17.0.1/java.util.concurrent.ScheduledThreadPoolExecutor$DelayedWorkQueue.take(ScheduledThreadPoolExecutor.java:899)
 java.base@17.0.1/java.util.concurrent.ThreadPoolExecutor.getTask(ThreadPoolExecutor.java:1062)
 java.base@17.0.1/java.util.concurrent.ThreadPoolExecutor.runWorker(ThreadPoolExecutor.java:1122)
 java.base@17.0.1/java.util.concurrent.ThreadPoolExecutor$Worker.run(ThreadPoolExecutor.java:635)
 java.base@17.0.1/java.lang.Thread.run(Thread.java:833)
2022-09-21 19:36:21.023  WARN 6688 --- [main] o.a.c.loader.WebappClassLoaderBase       : The web application [ROOT] appears to have started a thread named [HikariPool-1 connection adder] but has failed to stop it. This is very likely to create a memory leak. Stack trace of thread:
 java.base@17.0.1/jdk.internal.misc.Unsafe.park(Native Method)
 java.base@17.0.1/java.util.concurrent.locks.LockSupport.parkNanos(LockSupport.java:252)
 java.base@17.0.1/java.util.concurrent.locks.AbstractQueuedSynchronizer$ConditionObject.awaitNanos(AbstractQueuedSynchronizer.java:1672)
 java.base@17.0.1/java.util.concurrent.LinkedBlockingQueue.poll(LinkedBlockingQueue.java:460)
 java.base@17.0.1/java.util.concurrent.ThreadPoolExecutor.getTask(ThreadPoolExecutor.java:1061)
 java.base@17.0.1/java.util.concurrent.ThreadPoolExecutor.runWorker(ThreadPoolExecutor.java:1122)
 java.base@17.0.1/java.util.concurrent.ThreadPoolExecutor$Worker.run(ThreadPoolExecutor.java:635)
 java.base@17.0.1/java.lang.Thread.run(Thread.java:833)
2022-09-21 19:36:21.043  INFO 6688 --- [main] ConditionEvaluationReportLoggingListener : 

Error starting ApplicationContext. To display the conditions report re-run your application with 'debug' enabled.
2022-09-21 19:36:21.066 ERROR 6688 --- [main] o.s.boot.SpringApplication               : Application run failed

java.lang.IllegalStateException: Management-specific server address cannot be configured as the management server is not listening on a separate port
	at org.springframework.util.Assert.state(Assert.java:76) ~[spring-core-5.3.22.jar:5.3.22]
	at org.springframework.boot.actuate.autoconfigure.web.server.ManagementContextAutoConfiguration$SameManagementContextConfiguration.verifyAddressConfiguration(ManagementContextAutoConfiguration.java:91) ~[spring-boot-actuator-autoconfigure-2.7.3.jar:2.7.3]
	at org.springframework.boot.actuate.autoconfigure.web.server.ManagementContextAutoConfiguration$SameManagementContextConfiguration.afterSingletonsInstantiated(ManagementContextAutoConfiguration.java:77) ~[spring-boot-actuator-autoconfigure-2.7.3.jar:2.7.3]
	at org.springframework.beans.factory.support.DefaultListableBeanFactory.preInstantiateSingletons(DefaultListableBeanFactory.java:974) ~[spring-beans-5.3.22.jar:5.3.22]
	at org.springframework.context.support.AbstractApplicationContext.finishBeanFactoryInitialization(AbstractApplicationContext.java:918) ~[spring-context-5.3.22.jar:5.3.22]
	at org.springframework.context.support.AbstractApplicationContext.refresh(AbstractApplicationContext.java:583) ~[spring-context-5.3.22.jar:5.3.22]
	at org.springframework.boot.web.servlet.context.ServletWebServerApplicationContext.refresh(ServletWebServerApplicationContext.java:147) ~[spring-boot-2.7.3.jar:2.7.3]
	at org.springframework.boot.SpringApplication.refresh(SpringApplication.java:734) ~[spring-boot-2.7.3.jar:2.7.3]
	at org.springframework.boot.SpringApplication.refreshContext(SpringApplication.java:408) ~[spring-boot-2.7.3.jar:2.7.3]
	at org.springframework.boot.SpringApplication.run(SpringApplication.java:308) ~[spring-boot-2.7.3.jar:2.7.3]
	at org.springframework.boot.SpringApplication.run(SpringApplication.java:1306) ~[spring-boot-2.7.3.jar:2.7.3]
	at org.springframework.boot.SpringApplication.run(SpringApplication.java:1295) ~[spring-boot-2.7.3.jar:2.7.3]
	at com.momen.food.FoodApplication.main(FoodApplication.java:14) ~[classes/:na]

2022-09-21 19:36:21.075  INFO 6688 --- [main] j.LocalContainerEntityManagerFactoryBean : Closing JPA EntityManagerFactory for persistence unit 'default'
2022-09-21 19:36:21.077  INFO 6688 --- [main] com.zaxxer.hikari.HikariDataSource       : HikariPool-1 - Shutdown initiated...
2022-09-21 19:36:21.091  INFO 6688 --- [main] com.zaxxer.hikari.HikariDataSource       : HikariPool-1 - Shutdown completed.
2022-09-21 19:37:08.733  INFO 6420 --- [main] com.momen.food.FoodApplication           : Starting FoodApplication using Java 17.0.1 on DESKTOP-SPD2JRC with PID 6420 (F:\Project\Java Spring\hZandi\Food\target\classes started by momen in F:\Project\Java Spring\hZandi\Food)
2022-09-21 19:37:08.737  INFO 6420 --- [main] com.momen.food.FoodApplication           : No active profile set, falling back to 1 default profile: "default"
2022-09-21 19:37:10.243  INFO 6420 --- [main] .s.d.r.c.RepositoryConfigurationDelegate : Bootstrapping Spring Data JPA repositories in DEFAULT mode.
2022-09-21 19:37:10.387  INFO 6420 --- [main] .s.d.r.c.RepositoryConfigurationDelegate : Finished Spring Data repository scanning in 133 ms. Found 8 JPA repository interfaces.
2022-09-21 19:37:11.537  INFO 6420 --- [main] o.s.b.w.embedded.tomcat.TomcatWebServer  : Tomcat initialized with port(s): 8090 (http)
2022-09-21 19:37:11.545  INFO 6420 --- [main] o.apache.catalina.core.StandardService   : Starting service [Tomcat]
2022-09-21 19:37:11.546  INFO 6420 --- [main] org.apache.catalina.core.StandardEngine  : Starting Servlet engine: [Apache Tomcat/9.0.65]
2022-09-21 19:37:11.700  INFO 6420 --- [main] o.a.c.c.C.[Tomcat].[localhost].[/]       : Initializing Spring embedded WebApplicationContext
2022-09-21 19:37:11.700  INFO 6420 --- [main] w.s.c.ServletWebServerApplicationContext : Root WebApplicationContext: initialization completed in 2899 ms
2022-09-21 19:37:12.131  WARN 6420 --- [main] JpaBaseConfiguration$JpaWebConfiguration : spring.jpa.open-in-view is enabled by default. Therefore, database queries may be performed during view rendering. Explicitly configure spring.jpa.open-in-view to disable this warning
2022-09-21 19:37:12.226  INFO 6420 --- [main] o.hibernate.jpa.internal.util.LogHelper  : HHH000204: Processing PersistenceUnitInfo [name: default]
2022-09-21 19:37:12.284  INFO 6420 --- [main] org.hibernate.Version                    : HHH000412: Hibernate ORM core version 5.6.10.Final
2022-09-21 19:37:12.450  INFO 6420 --- [main] o.hibernate.annotations.common.Version   : HCANN000001: Hibernate Commons Annotations {5.1.2.Final}
2022-09-21 19:37:12.540  INFO 6420 --- [main] com.zaxxer.hikari.HikariDataSource       : HikariPool-1 - Starting...
2022-09-21 19:37:12.736  INFO 6420 --- [main] com.zaxxer.hikari.HikariDataSource       : HikariPool-1 - Start completed.
2022-09-21 19:37:12.759  INFO 6420 --- [main] org.hibernate.dialect.Dialect            : HHH000400: Using dialect: org.hibernate.dialect.PostgreSQLDialect
2022-09-21 19:37:12.808  INFO 6420 --- [main] o.h.e.boot.internal.EnversServiceImpl    : Envers integration enabled? : true
2022-09-21 19:37:15.005  INFO 6420 --- [main] o.h.e.t.j.p.i.JtaPlatformInitiator       : HHH000490: Using JtaPlatform implementation: [org.hibernate.engine.transaction.jta.platform.internal.NoJtaPlatform]
2022-09-21 19:37:15.018  INFO 6420 --- [main] j.LocalContainerEntityManagerFactoryBean : Initialized JPA EntityManagerFactory for persistence unit 'default'
2022-09-21 19:37:16.187  INFO 6420 --- [main] o.s.s.web.DefaultSecurityFilterChain     : Will secure any request with [org.springframework.security.web.session.DisableEncodeUrlFilter@72e9c0a0, org.springframework.security.web.context.request.async.WebAsyncManagerIntegrationFilter@494c452b, org.springframework.security.web.context.SecurityContextPersistenceFilter@318d69ea, org.springframework.security.web.header.HeaderWriterFilter@3d1703f8, org.keycloak.adapters.springsecurity.filter.KeycloakPreAuthActionsFilter@1de83be1, org.keycloak.adapters.springsecurity.filter.KeycloakAuthenticationProcessingFilter@31b4c003, org.springframework.security.web.authentication.logout.LogoutFilter@5c91b751, org.springframework.security.web.savedrequest.RequestCacheAwareFilter@1a2b23f2, org.springframework.security.web.servletapi.SecurityContextHolderAwareRequestFilter@119cd026, org.keycloak.adapters.springsecurity.filter.KeycloakSecurityContextRequestFilter@608b74f3, org.keycloak.adapters.springsecurity.filter.KeycloakAuthenticatedActionsFilter@1ef8f7e6, org.springframework.security.web.authentication.AnonymousAuthenticationFilter@7e9b68c5, org.springframework.security.web.session.SessionManagementFilter@7bb78381, org.springframework.security.web.access.ExceptionTranslationFilter@39352f6b, org.springframework.security.web.access.intercept.FilterSecurityInterceptor@72cf43fa]
2022-09-21 19:37:17.867  INFO 6420 --- [main] o.s.b.a.e.web.EndpointLinksResolver      : Exposing 15 endpoint(s) beneath base path '/actuator'
2022-09-21 19:37:17.936  INFO 6420 --- [main] o.s.b.w.embedded.tomcat.TomcatWebServer  : Tomcat started on port(s): 8090 (http) with context path ''
2022-09-21 19:37:17.953  INFO 6420 --- [main] com.momen.food.FoodApplication           : Started FoodApplication in 9.825 seconds (JVM running for 10.783)
2022-09-21 19:37:18.512  INFO 6420 --- [RMI TCP Connection(3)-10.13.13.25] o.a.c.c.C.[Tomcat].[localhost].[/]       : Initializing Spring DispatcherServlet 'dispatcherServlet'
2022-09-21 19:37:18.513  INFO 6420 --- [RMI TCP Connection(3)-10.13.13.25] o.s.web.servlet.DispatcherServlet        : Initializing Servlet 'dispatcherServlet'
2022-09-21 19:37:18.516  INFO 6420 --- [RMI TCP Connection(3)-10.13.13.25] o.s.web.servlet.DispatcherServlet        : Completed initialization in 3 ms
2022-09-21 19:38:33.438  INFO 6420 --- [SpringApplicationShutdownHook] j.LocalContainerEntityManagerFactoryBean : Closing JPA EntityManagerFactory for persistence unit 'default'
2022-09-21 19:38:33.441  INFO 6420 --- [SpringApplicationShutdownHook] com.zaxxer.hikari.HikariDataSource       : HikariPool-1 - Shutdown initiated...
2022-09-21 19:38:33.453  INFO 6420 --- [SpringApplicationShutdownHook] com.zaxxer.hikari.HikariDataSource       : HikariPool-1 - Shutdown completed.
2022-09-21 19:38:38.793  INFO 7240 --- [main] com.momen.food.FoodApplication           : Starting FoodApplication using Java 17.0.1 on DESKTOP-SPD2JRC with PID 7240 (F:\Project\Java Spring\hZandi\Food\target\classes started by momen in F:\Project\Java Spring\hZandi\Food)
2022-09-21 19:38:38.797  INFO 7240 --- [main] com.momen.food.FoodApplication           : No active profile set, falling back to 1 default profile: "default"
2022-09-21 19:38:40.378  INFO 7240 --- [main] .s.d.r.c.RepositoryConfigurationDelegate : Bootstrapping Spring Data JPA repositories in DEFAULT mode.
2022-09-21 19:38:40.477  INFO 7240 --- [main] .s.d.r.c.RepositoryConfigurationDelegate : Finished Spring Data repository scanning in 92 ms. Found 8 JPA repository interfaces.
2022-09-21 19:38:41.480  INFO 7240 --- [main] o.s.b.w.embedded.tomcat.TomcatWebServer  : Tomcat initialized with port(s): 8090 (http)
2022-09-21 19:38:41.489  INFO 7240 --- [main] o.apache.catalina.core.StandardService   : Starting service [Tomcat]
2022-09-21 19:38:41.489  INFO 7240 --- [main] org.apache.catalina.core.StandardEngine  : Starting Servlet engine: [Apache Tomcat/9.0.65]
2022-09-21 19:38:41.646  INFO 7240 --- [main] o.a.c.c.C.[Tomcat].[localhost].[/]       : Initializing Spring embedded WebApplicationContext
2022-09-21 19:38:41.647  INFO 7240 --- [main] w.s.c.ServletWebServerApplicationContext : Root WebApplicationContext: initialization completed in 2781 ms
2022-09-21 19:38:42.105  WARN 7240 --- [main] JpaBaseConfiguration$JpaWebConfiguration : spring.jpa.open-in-view is enabled by default. Therefore, database queries may be performed during view rendering. Explicitly configure spring.jpa.open-in-view to disable this warning
2022-09-21 19:38:42.234  INFO 7240 --- [main] o.hibernate.jpa.internal.util.LogHelper  : HHH000204: Processing PersistenceUnitInfo [name: default]
2022-09-21 19:38:42.292  INFO 7240 --- [main] org.hibernate.Version                    : HHH000412: Hibernate ORM core version 5.6.10.Final
2022-09-21 19:38:42.483  INFO 7240 --- [main] o.hibernate.annotations.common.Version   : HCANN000001: Hibernate Commons Annotations {5.1.2.Final}
2022-09-21 19:38:42.590  INFO 7240 --- [main] com.zaxxer.hikari.HikariDataSource       : HikariPool-1 - Starting...
2022-09-21 19:38:42.769  INFO 7240 --- [main] com.zaxxer.hikari.HikariDataSource       : HikariPool-1 - Start completed.
2022-09-21 19:38:42.786  INFO 7240 --- [main] org.hibernate.dialect.Dialect            : HHH000400: Using dialect: org.hibernate.dialect.PostgreSQLDialect
2022-09-21 19:38:42.821  INFO 7240 --- [main] o.h.e.boot.internal.EnversServiceImpl    : Envers integration enabled? : true
2022-09-21 19:38:45.220  INFO 7240 --- [main] o.h.e.t.j.p.i.JtaPlatformInitiator       : HHH000490: Using JtaPlatform implementation: [org.hibernate.engine.transaction.jta.platform.internal.NoJtaPlatform]
2022-09-21 19:38:45.227  INFO 7240 --- [main] j.LocalContainerEntityManagerFactoryBean : Initialized JPA EntityManagerFactory for persistence unit 'default'
2022-09-21 19:38:46.235  INFO 7240 --- [main] o.s.s.web.DefaultSecurityFilterChain     : Will secure any request with [org.springframework.security.web.session.DisableEncodeUrlFilter@34c79268, org.springframework.security.web.context.request.async.WebAsyncManagerIntegrationFilter@5fe80760, org.springframework.security.web.context.SecurityContextPersistenceFilter@74863aec, org.springframework.security.web.header.HeaderWriterFilter@6ac9742e, org.keycloak.adapters.springsecurity.filter.KeycloakPreAuthActionsFilter@4f93303f, org.keycloak.adapters.springsecurity.filter.KeycloakAuthenticationProcessingFilter@7040d71, org.springframework.security.web.authentication.logout.LogoutFilter@7c590039, org.springframework.security.web.savedrequest.RequestCacheAwareFilter@4f9a8d71, org.springframework.security.web.servletapi.SecurityContextHolderAwareRequestFilter@2e1c3b8f, org.keycloak.adapters.springsecurity.filter.KeycloakSecurityContextRequestFilter@732ae29c, org.keycloak.adapters.springsecurity.filter.KeycloakAuthenticatedActionsFilter@100d5018, org.springframework.security.web.authentication.AnonymousAuthenticationFilter@6e6c723b, org.springframework.security.web.session.SessionManagementFilter@21298c3a, org.springframework.security.web.access.ExceptionTranslationFilter@9d455a6, org.springframework.security.web.access.intercept.FilterSecurityInterceptor@4a0161ee]
2022-09-21 19:38:48.132  INFO 7240 --- [main] o.s.b.a.e.web.EndpointLinksResolver      : Exposing 15 endpoint(s) beneath base path '/actuator'
2022-09-21 19:38:48.204  INFO 7240 --- [main] o.s.b.w.embedded.tomcat.TomcatWebServer  : Tomcat started on port(s): 8090 (http) with context path ''
2022-09-21 19:38:48.221  INFO 7240 --- [main] com.momen.food.FoodApplication           : Started FoodApplication in 10.039 seconds (JVM running for 11.023)
2022-09-21 19:38:48.314  INFO 7240 --- [RMI TCP Connection(2)-10.13.13.25] o.a.c.c.C.[Tomcat].[localhost].[/]       : Initializing Spring DispatcherServlet 'dispatcherServlet'
2022-09-21 19:38:48.314  INFO 7240 --- [RMI TCP Connection(2)-10.13.13.25] o.s.web.servlet.DispatcherServlet        : Initializing Servlet 'dispatcherServlet'
2022-09-21 19:38:48.317  INFO 7240 --- [RMI TCP Connection(2)-10.13.13.25] o.s.web.servlet.DispatcherServlet        : Completed initialization in 3 ms
2022-09-21 19:39:33.558  INFO 7240 --- [SpringApplicationShutdownHook] j.LocalContainerEntityManagerFactoryBean : Closing JPA EntityManagerFactory for persistence unit 'default'
2022-09-21 19:39:33.561  INFO 7240 --- [SpringApplicationShutdownHook] com.zaxxer.hikari.HikariDataSource       : HikariPool-1 - Shutdown initiated...
2022-09-21 19:39:33.574  INFO 7240 --- [SpringApplicationShutdownHook] com.zaxxer.hikari.HikariDataSource       : HikariPool-1 - Shutdown completed.
2022-09-21 19:39:42.374  INFO 10188 --- [main] com.momen.food.FoodApplication           : Starting FoodApplication using Java 17.0.1 on DESKTOP-SPD2JRC with PID 10188 (F:\Project\Java Spring\hZandi\Food\target\classes started by momen in F:\Project\Java Spring\hZandi\Food)
2022-09-21 19:39:42.378  INFO 10188 --- [main] com.momen.food.FoodApplication           : No active profile set, falling back to 1 default profile: "default"
2022-09-21 19:39:44.621  INFO 10188 --- [main] .s.d.r.c.RepositoryConfigurationDelegate : Bootstrapping Spring Data JPA repositories in DEFAULT mode.
2022-09-21 19:39:44.857  INFO 10188 --- [main] .s.d.r.c.RepositoryConfigurationDelegate : Finished Spring Data repository scanning in 221 ms. Found 8 JPA repository interfaces.
2022-09-21 19:39:46.720  INFO 10188 --- [main] o.s.b.w.embedded.tomcat.TomcatWebServer  : Tomcat initialized with port(s): 8090 (http)
2022-09-21 19:39:46.749  INFO 10188 --- [main] o.apache.catalina.core.StandardService   : Starting service [Tomcat]
2022-09-21 19:39:46.749  INFO 10188 --- [main] org.apache.catalina.core.StandardEngine  : Starting Servlet engine: [Apache Tomcat/9.0.65]
2022-09-21 19:39:46.950  INFO 10188 --- [main] o.a.c.c.C.[Tomcat].[localhost].[/]       : Initializing Spring embedded WebApplicationContext
2022-09-21 19:39:46.951  INFO 10188 --- [main] w.s.c.ServletWebServerApplicationContext : Root WebApplicationContext: initialization completed in 4498 ms
2022-09-21 19:39:47.685  WARN 10188 --- [main] JpaBaseConfiguration$JpaWebConfiguration : spring.jpa.open-in-view is enabled by default. Therefore, database queries may be performed during view rendering. Explicitly configure spring.jpa.open-in-view to disable this warning
2022-09-21 19:39:47.895  INFO 10188 --- [main] o.hibernate.jpa.internal.util.LogHelper  : HHH000204: Processing PersistenceUnitInfo [name: default]
2022-09-21 19:39:48.032  INFO 10188 --- [main] org.hibernate.Version                    : HHH000412: Hibernate ORM core version 5.6.10.Final
2022-09-21 19:39:48.361  INFO 10188 --- [main] o.hibernate.annotations.common.Version   : HCANN000001: Hibernate Commons Annotations {5.1.2.Final}
2022-09-21 19:39:48.475  INFO 10188 --- [main] com.zaxxer.hikari.HikariDataSource       : HikariPool-1 - Starting...
2022-09-21 19:39:48.677  INFO 10188 --- [main] com.zaxxer.hikari.HikariDataSource       : HikariPool-1 - Start completed.
2022-09-21 19:39:48.695  INFO 10188 --- [main] org.hibernate.dialect.Dialect            : HHH000400: Using dialect: org.hibernate.dialect.PostgreSQLDialect
2022-09-21 19:39:48.747  INFO 10188 --- [main] o.h.e.boot.internal.EnversServiceImpl    : Envers integration enabled? : true
2022-09-21 19:39:50.923  INFO 10188 --- [main] o.h.e.t.j.p.i.JtaPlatformInitiator       : HHH000490: Using JtaPlatform implementation: [org.hibernate.engine.transaction.jta.platform.internal.NoJtaPlatform]
2022-09-21 19:39:50.932  INFO 10188 --- [main] j.LocalContainerEntityManagerFactoryBean : Initialized JPA EntityManagerFactory for persistence unit 'default'
2022-09-21 19:39:52.136  INFO 10188 --- [main] o.s.s.web.DefaultSecurityFilterChain     : Will secure any request with [org.springframework.security.web.session.DisableEncodeUrlFilter@210e971e, org.springframework.security.web.context.request.async.WebAsyncManagerIntegrationFilter@1b9785aa, org.springframework.security.web.context.SecurityContextPersistenceFilter@4f61c7e1, org.springframework.security.web.header.HeaderWriterFilter@6e591c03, org.keycloak.adapters.springsecurity.filter.KeycloakPreAuthActionsFilter@7c1f3125, org.keycloak.adapters.springsecurity.filter.KeycloakAuthenticationProcessingFilter@3d00c2ae, org.springframework.security.web.authentication.logout.LogoutFilter@26c24e5, org.springframework.security.web.savedrequest.RequestCacheAwareFilter@6289376f, org.springframework.security.web.servletapi.SecurityContextHolderAwareRequestFilter@27103726, org.keycloak.adapters.springsecurity.filter.KeycloakSecurityContextRequestFilter@29897daf, org.keycloak.adapters.springsecurity.filter.KeycloakAuthenticatedActionsFilter@63e54c66, org.springframework.security.web.authentication.AnonymousAuthenticationFilter@340f4723, org.springframework.security.web.session.SessionManagementFilter@7ce58c1c, org.springframework.security.web.access.ExceptionTranslationFilter@5fe80760, org.springframework.security.web.access.intercept.FilterSecurityInterceptor@2eebb07]
2022-09-21 19:39:54.242  INFO 10188 --- [main] o.s.b.a.e.web.EndpointLinksResolver      : Exposing 15 endpoint(s) beneath base path '/actuator'
2022-09-21 19:39:54.321  INFO 10188 --- [main] o.s.b.w.embedded.tomcat.TomcatWebServer  : Tomcat started on port(s): 8090 (http) with context path ''
2022-09-21 19:39:54.342  INFO 10188 --- [main] com.momen.food.FoodApplication           : Started FoodApplication in 12.722 seconds (JVM running for 14.388)
2022-09-21 19:39:54.664  INFO 10188 --- [RMI TCP Connection(1)-10.13.13.25] o.a.c.c.C.[Tomcat].[localhost].[/]       : Initializing Spring DispatcherServlet 'dispatcherServlet'
2022-09-21 19:39:54.664  INFO 10188 --- [RMI TCP Connection(1)-10.13.13.25] o.s.web.servlet.DispatcherServlet        : Initializing Servlet 'dispatcherServlet'
2022-09-21 19:39:54.667  INFO 10188 --- [RMI TCP Connection(1)-10.13.13.25] o.s.web.servlet.DispatcherServlet        : Completed initialization in 2 ms
2022-09-21 19:40:57.237  INFO 10188 --- [SpringApplicationShutdownHook] j.LocalContainerEntityManagerFactoryBean : Closing JPA EntityManagerFactory for persistence unit 'default'
2022-09-21 19:40:57.240  INFO 10188 --- [SpringApplicationShutdownHook] com.zaxxer.hikari.HikariDataSource       : HikariPool-1 - Shutdown initiated...
2022-09-21 19:40:57.258  INFO 10188 --- [SpringApplicationShutdownHook] com.zaxxer.hikari.HikariDataSource       : HikariPool-1 - Shutdown completed.
